2023.09.13 12:01:58 INFO  Started: Metals version 1.0.1 in folders '/Users/inductor/go/src/github.com/GiganticMinecraft/seichi_infra' for client Visual Studio Code 1.81.1.[0m
9æœˆ 13, 2023 12:01:58 åˆå¾Œ org.flywaydb.core.internal.license.VersionPrinter printVersionOnly
æƒ…å ±: Flyway Community Edition 9.21.2 by Redgate
9æœˆ 13, 2023 12:01:59 åˆå¾Œ org.flywaydb.core.internal.license.VersionPrinter printVersion
æƒ…å ±: See release notes here: https://rd.gt/416ObMi
9æœˆ 13, 2023 12:01:59 åˆå¾Œ org.flywaydb.core.internal.license.VersionPrinter printVersion
æƒ…å ±: 
9æœˆ 13, 2023 12:01:59 åˆå¾Œ org.flywaydb.core.FlywayExecutor execute
æƒ…å ±: Database: jdbc:h2:file:/Users/inductor/go/src/github.com/GiganticMinecraft/seichi_infra/.metals/metals (H2 2.1)
9æœˆ 13, 2023 12:01:59 åˆå¾Œ org.flywaydb.core.internal.schemahistory.JdbcTableSchemaHistory allAppliedMigrations
æƒ…å ±: Schema history table "PUBLIC"."flyway_schema_history" does not exist yet
9æœˆ 13, 2023 12:01:59 åˆå¾Œ org.flywaydb.core.internal.command.DbValidate validate
æƒ…å ±: Successfully validated 4 migrations (execution time 00:00.006s)
9æœˆ 13, 2023 12:01:59 åˆå¾Œ org.flywaydb.core.internal.schemahistory.JdbcTableSchemaHistory create
æƒ…å ±: Creating Schema History table "PUBLIC"."flyway_schema_history" ...
9æœˆ 13, 2023 12:01:59 åˆå¾Œ org.flywaydb.core.internal.command.DbMigrate migrateGroup
æƒ…å ±: Current version of schema "PUBLIC": << Empty Schema >>
9æœˆ 13, 2023 12:01:59 åˆå¾Œ org.flywaydb.core.internal.command.DbMigrate doMigrateGroup
æƒ…å ±: Migrating schema "PUBLIC" to version "1 - Create tables"
9æœˆ 13, 2023 12:01:59 åˆå¾Œ org.flywaydb.core.internal.command.DbMigrate doMigrateGroup
æƒ…å ±: Migrating schema "PUBLIC" to version "2 - Server discovery"
9æœˆ 13, 2023 12:01:59 åˆå¾Œ org.flywaydb.core.internal.command.DbMigrate doMigrateGroup
æƒ…å ±: Migrating schema "PUBLIC" to version "3 - Jar symbols"
9æœˆ 13, 2023 12:01:59 åˆå¾Œ org.flywaydb.core.internal.command.DbMigrate doMigrateGroup
æƒ…å ±: Migrating schema "PUBLIC" to version "4 - Fingerprints"
9æœˆ 13, 2023 12:01:59 åˆå¾Œ org.flywaydb.core.internal.command.DbMigrate logSummary
æƒ…å ±: Successfully applied 4 migrations to schema "PUBLIC", now at version v4 (execution time 00:00.010s)
2023.09.13 12:01:59 INFO  time: initialize in 0.32s[0m
2023.09.13 12:02:00 WARN  Build server is not auto-connectable.[0m
2023.09.13 12:02:00 WARN  no build tool detected in workspace '/Users/inductor/go/src/github.com/GiganticMinecraft/seichi_infra'. The most common cause for this problem is that the editor was opened in the wrong working directory, for example if you use sbt then the workspace directory should contain build.sbt. [0m
9æœˆ 13, 2023 12:02:59 åˆå¾Œ org.eclipse.lsp4j.jsonrpc.services.GenericEndpoint notify
æƒ…å ±: Unsupported notification method: $/setTrace
9æœˆ 13, 2023 12:02:59 åˆå¾Œ org.eclipse.lsp4j.jsonrpc.services.GenericEndpoint notify
æƒ…å ±: Unsupported notification method: $/setTrace
2023.09.13 12:40:27 INFO  Shutting down server[0m
2023.09.13 12:40:27 INFO  shutting down Metals[0m
2023.09.13 12:40:27 INFO  Exiting server[0m
